<?xml version="1.0" encoding="UTF-8"?>
<coverage generated="1717156574035" clover="3.2.0">
  <project timestamp="1717156574035" name="All files">
    <metrics statements="48" coveredstatements="48" conditionals="38" coveredconditionals="38" methods="15" coveredmethods="15" elements="101" coveredelements="101" complexity="0" loc="48" ncloc="48" packages="1" files="3" classes="3"/>
    <file name="CombinedNoun.ts" path="H:\Stuff\JS\todomap\todomap-fe\src\pages\EestiKeel\Estonian\CombinedNoun.ts">
      <metrics statements="3" coveredstatements="3" conditionals="0" coveredconditionals="0" methods="2" coveredmethods="2"/>
      <line num="3" count="1" type="stmt"/>
      <line num="4" count="1" type="stmt"/>
      <line num="5" count="3" type="stmt"/>
    </file>
    <file name="Grammar.ts" path="H:\Stuff\JS\todomap\todomap-fe\src\pages\EestiKeel\Estonian\Grammar.ts">
      <metrics statements="7" coveredstatements="7" conditionals="0" coveredconditionals="0" methods="4" coveredmethods="4"/>
      <line num="1" count="1" type="stmt"/>
      <line num="19" count="15" type="stmt"/>
      <line num="21" count="1" type="stmt"/>
      <line num="26" count="2" type="stmt"/>
      <line num="37" count="1" type="stmt"/>
      <line num="38" count="1" type="stmt"/>
      <line num="39" count="15" type="stmt"/>
    </file>
    <file name="Noun.ts" path="H:\Stuff\JS\todomap\todomap-fe\src\pages\EestiKeel\Estonian\Noun.ts">
      <metrics statements="38" coveredstatements="38" conditionals="38" coveredconditionals="38" methods="9" coveredmethods="9"/>
      <line num="1" count="1" type="stmt"/>
      <line num="27" count="1" type="stmt"/>
      <line num="46" count="8" type="cond" truecount="1" falsecount="0"/>
      <line num="47" count="2" type="stmt"/>
      <line num="48" count="6" type="cond" truecount="1" falsecount="0"/>
      <line num="49" count="5" type="stmt"/>
      <line num="50" count="1" type="stmt"/>
      <line num="54" count="8" type="cond" truecount="1" falsecount="0"/>
      <line num="55" count="4" type="stmt"/>
      <line num="56" count="4" type="cond" truecount="1" falsecount="0"/>
      <line num="57" count="3" type="stmt"/>
      <line num="58" count="1" type="stmt"/>
      <line num="62" count="3" type="cond" truecount="3" falsecount="0"/>
      <line num="63" count="2" type="stmt"/>
      <line num="64" count="1" type="stmt"/>
      <line num="68" count="1" type="stmt"/>
      <line num="72" count="1" type="stmt"/>
      <line num="74" count="7" type="stmt"/>
      <line num="75" count="20" type="cond" truecount="5" falsecount="0"/>
      <line num="77" count="1" type="stmt"/>
      <line num="79" count="8" type="cond" truecount="2" falsecount="0"/>
      <line num="81" count="8" type="cond" truecount="2" falsecount="0"/>
      <line num="83" count="2" type="cond" truecount="2" falsecount="0"/>
      <line num="85" count="1" type="cond" truecount="2" falsecount="0"/>
      <line num="89" count="7" type="stmt"/>
      <line num="90" count="10" type="cond" truecount="4" falsecount="0"/>
      <line num="92" count="1" type="cond" truecount="2" falsecount="0"/>
      <line num="94" count="5" type="cond" truecount="2" falsecount="0"/>
      <line num="96" count="1" type="cond" truecount="2" falsecount="0"/>
      <line num="98" count="3" type="cond" truecount="2" falsecount="0"/>
      <line num="102" count="7" type="stmt"/>
      <line num="103" count="21" type="cond" truecount="2" falsecount="0"/>
      <line num="104" count="13" type="stmt"/>
      <line num="105" count="8" type="stmt"/>
      <line num="110" count="21" type="cond" truecount="2" falsecount="0"/>
      <line num="111" count="21" type="cond" truecount="2" falsecount="0"/>
      <line num="112" count="21" type="stmt"/>
      <line num="115" count="7" type="stmt"/>
    </file>
  </project>
</coverage>
