{"H:\\Stuff\\JS\\todomap\\todomap-fe\\src\\pages\\EestiKeel\\Estonian\\CombinedNoun.ts": {"path":"H:\\Stuff\\JS\\todomap\\todomap-fe\\src\\pages\\EestiKeel\\Estonian\\CombinedNoun.ts","statementMap":{"0":{"start":{"line":4,"column":2},"end":{"line":6,"column":null}},"1":{"start":{"line":5,"column":40},"end":{"line":5,"column":63}},"2":{"start":{"line":3,"column":0},"end":{"line":3,"column":16}}},"fnMap":{"0":{"name":"CombinedNoun","decl":{"start":{"line":3,"column":16},"end":{"line":3,"column":28}},"loc":{"start":{"line":3,"column":60},"end":{"line":7,"column":1}}},"1":{"name":"(anonymous_1)","decl":{"start":{"line":5,"column":13},"end":{"line":5,"column":14}},"loc":{"start":{"line":5,"column":40},"end":{"line":5,"column":63}}}},"branchMap":{},"s":{"0":1,"1":3,"2":1},"f":{"0":1,"1":3},"b":{}}
,"H:\\Stuff\\JS\\todomap\\todomap-fe\\src\\pages\\EestiKeel\\Estonian\\Grammar.ts": {"path":"H:\\Stuff\\JS\\todomap\\todomap-fe\\src\\pages\\EestiKeel\\Estonian\\Grammar.ts","statementMap":{"0":{"start":{"line":1,"column":14},"end":{"line":17,"column":null}},"1":{"start":{"line":19,"column":13},"end":{"line":19,"column":null}},"2":{"start":{"line":19,"column":56},"end":{"line":19,"column":70}},"3":{"start":{"line":21,"column":16},"end":{"line":24,"column":null}},"4":{"start":{"line":26,"column":13},"end":{"line":26,"column":null}},"5":{"start":{"line":26,"column":60},"end":{"line":26,"column":74}},"6":{"start":{"line":38,"column":23},"end":{"line":38,"column":53}},"7":{"start":{"line":39,"column":2},"end":{"line":39,"column":null}},"8":{"start":{"line":39,"column":25},"end":{"line":39,"column":29}},"9":{"start":{"line":37,"column":0},"end":{"line":37,"column":16}}},"fnMap":{"0":{"name":"(anonymous_0)","decl":{"start":{"line":19,"column":49},"end":{"line":19,"column":50}},"loc":{"start":{"line":19,"column":53},"end":{"line":19,"column":71}}},"1":{"name":"(anonymous_1)","decl":{"start":{"line":26,"column":53},"end":{"line":26,"column":54}},"loc":{"start":{"line":26,"column":57},"end":{"line":26,"column":75}}},"2":{"name":"freeze","decl":{"start":{"line":37,"column":16},"end":{"line":37,"column":22}},"loc":{"start":{"line":37,"column":69},"end":{"line":40,"column":1}}},"3":{"name":"(anonymous_3)","decl":{"start":{"line":39,"column":20},"end":{"line":39,"column":21}},"loc":{"start":{"line":39,"column":25},"end":{"line":39,"column":29}}}},"branchMap":{},"s":{"0":1,"1":1,"2":15,"3":1,"4":1,"5":2,"6":1,"7":1,"8":15,"9":1},"f":{"0":15,"1":2,"2":1,"3":15},"b":{}}
,"H:\\Stuff\\JS\\todomap\\todomap-fe\\src\\pages\\EestiKeel\\Estonian\\Noun.ts": {"path":"H:\\Stuff\\JS\\todomap\\todomap-fe\\src\\pages\\EestiKeel\\Estonian\\Noun.ts","statementMap":{"0":{"start":{"line":1,"column":0},"end":{"line":1,"column":31}},"1":{"start":{"line":27,"column":53},"end":{"line":43,"column":null}},"2":{"start":{"line":46,"column":2},"end":{"line":47,"column":null}},"3":{"start":{"line":47,"column":4},"end":{"line":47,"column":null}},"4":{"start":{"line":48,"column":2},"end":{"line":49,"column":null}},"5":{"start":{"line":49,"column":4},"end":{"line":49,"column":null}},"6":{"start":{"line":50,"column":2},"end":{"line":50,"column":null}},"7":{"start":{"line":54,"column":2},"end":{"line":55,"column":null}},"8":{"start":{"line":55,"column":4},"end":{"line":55,"column":null}},"9":{"start":{"line":56,"column":2},"end":{"line":57,"column":null}},"10":{"start":{"line":57,"column":4},"end":{"line":57,"column":null}},"11":{"start":{"line":58,"column":2},"end":{"line":58,"column":null}},"12":{"start":{"line":62,"column":2},"end":{"line":63,"column":null}},"13":{"start":{"line":63,"column":4},"end":{"line":63,"column":null}},"14":{"start":{"line":64,"column":2},"end":{"line":64,"column":null}},"15":{"start":{"line":68,"column":2},"end":{"line":68,"column":null}},"16":{"start":{"line":74,"column":19},"end":{"line":87,"column":3}},"17":{"start":{"line":75,"column":4},"end":{"line":86,"column":5}},"18":{"start":{"line":77,"column":8},"end":{"line":77,"column":null}},"19":{"start":{"line":79,"column":8},"end":{"line":79,"column":null}},"20":{"start":{"line":81,"column":8},"end":{"line":81,"column":null}},"21":{"start":{"line":83,"column":8},"end":{"line":83,"column":null}},"22":{"start":{"line":85,"column":8},"end":{"line":85,"column":null}},"23":{"start":{"line":89,"column":17},"end":{"line":100,"column":3}},"24":{"start":{"line":90,"column":4},"end":{"line":99,"column":5}},"25":{"start":{"line":92,"column":8},"end":{"line":92,"column":null}},"26":{"start":{"line":94,"column":8},"end":{"line":94,"column":null}},"27":{"start":{"line":96,"column":8},"end":{"line":96,"column":null}},"28":{"start":{"line":98,"column":8},"end":{"line":98,"column":null}},"29":{"start":{"line":102,"column":19},"end":{"line":107,"column":3}},"30":{"start":{"line":103,"column":4},"end":{"line":106,"column":5}},"31":{"start":{"line":104,"column":31},"end":{"line":104,"column":null}},"32":{"start":{"line":105,"column":29},"end":{"line":105,"column":null}},"33":{"start":{"line":110,"column":23},"end":{"line":110,"column":57}},"34":{"start":{"line":111,"column":25},"end":{"line":111,"column":64}},"35":{"start":{"line":112,"column":4},"end":{"line":112,"column":null}},"36":{"start":{"line":115,"column":2},"end":{"line":115,"column":null}},"37":{"start":{"line":72,"column":0},"end":{"line":72,"column":16}}},"fnMap":{"0":{"name":"guessOmastav","decl":{"start":{"line":45,"column":9},"end":{"line":45,"column":21}},"loc":{"start":{"line":45,"column":37},"end":{"line":51,"column":1}}},"1":{"name":"guessOsastav","decl":{"start":{"line":53,"column":9},"end":{"line":53,"column":21}},"loc":{"start":{"line":53,"column":37},"end":{"line":59,"column":1}}},"2":{"name":"guessPluralOmastav","decl":{"start":{"line":61,"column":9},"end":{"line":61,"column":27}},"loc":{"start":{"line":61,"column":43},"end":{"line":65,"column":1}}},"3":{"name":"guessPluralOsastav","decl":{"start":{"line":67,"column":9},"end":{"line":67,"column":27}},"loc":{"start":{"line":67,"column":43},"end":{"line":69,"column":1}}},"4":{"name":"Noun","decl":{"start":{"line":72,"column":16},"end":{"line":72,"column":20}},"loc":{"start":{"line":72,"column":45},"end":{"line":116,"column":1}}},"5":{"name":"(anonymous_11)","decl":{"start":{"line":74,"column":19},"end":{"line":74,"column":20}},"loc":{"start":{"line":74,"column":42},"end":{"line":87,"column":3}}},"6":{"name":"(anonymous_12)","decl":{"start":{"line":89,"column":17},"end":{"line":89,"column":18}},"loc":{"start":{"line":89,"column":40},"end":{"line":100,"column":3}}},"7":{"name":"(anonymous_13)","decl":{"start":{"line":102,"column":19},"end":{"line":102,"column":20}},"loc":{"start":{"line":102,"column":60},"end":{"line":107,"column":3}}},"8":{"name":"decline","decl":{"start":{"line":109,"column":11},"end":{"line":109,"column":18}},"loc":{"start":{"line":109,"column":44},"end":{"line":113,"column":3}}}},"branchMap":{"0":{"loc":{"start":{"line":46,"column":2},"end":{"line":47,"column":null}},"type":"if","locations":[{"start":{"line":46,"column":2},"end":{"line":47,"column":null}}]},"1":{"loc":{"start":{"line":48,"column":2},"end":{"line":49,"column":null}},"type":"if","locations":[{"start":{"line":48,"column":2},"end":{"line":49,"column":null}}]},"2":{"loc":{"start":{"line":54,"column":2},"end":{"line":55,"column":null}},"type":"if","locations":[{"start":{"line":54,"column":2},"end":{"line":55,"column":null}}]},"3":{"loc":{"start":{"line":56,"column":2},"end":{"line":57,"column":null}},"type":"if","locations":[{"start":{"line":56,"column":2},"end":{"line":57,"column":null}}]},"4":{"loc":{"start":{"line":62,"column":2},"end":{"line":63,"column":null}},"type":"if","locations":[{"start":{"line":62,"column":2},"end":{"line":63,"column":null}}]},"5":{"loc":{"start":{"line":62,"column":6},"end":{"line":62,"column":52}},"type":"binary-expr","locations":[{"start":{"line":62,"column":6},"end":{"line":62,"column":27}},{"start":{"line":62,"column":31},"end":{"line":62,"column":52}}]},"6":{"loc":{"start":{"line":75,"column":4},"end":{"line":86,"column":5}},"type":"switch","locations":[{"start":{"line":76,"column":6},"end":{"line":77,"column":null}},{"start":{"line":78,"column":6},"end":{"line":79,"column":null}},{"start":{"line":80,"column":6},"end":{"line":81,"column":null}},{"start":{"line":82,"column":6},"end":{"line":83,"column":null}},{"start":{"line":84,"column":6},"end":{"line":85,"column":null}}]},"7":{"loc":{"start":{"line":79,"column":15},"end":{"line":79,"column":86}},"type":"binary-expr","locations":[{"start":{"line":79,"column":15},"end":{"line":79,"column":42}},{"start":{"line":79,"column":46},"end":{"line":79,"column":86}}]},"8":{"loc":{"start":{"line":81,"column":15},"end":{"line":81,"column":86}},"type":"binary-expr","locations":[{"start":{"line":81,"column":15},"end":{"line":81,"column":42}},{"start":{"line":81,"column":46},"end":{"line":81,"column":86}}]},"9":{"loc":{"start":{"line":83,"column":15},"end":{"line":83,"column":83}},"type":"binary-expr","locations":[{"start":{"line":83,"column":15},"end":{"line":83,"column":41}},{"start":{"line":83,"column":45},"end":{"line":83,"column":83}}]},"10":{"loc":{"start":{"line":85,"column":15},"end":{"line":85,"column":79}},"type":"binary-expr","locations":[{"start":{"line":85,"column":15},"end":{"line":85,"column":37}},{"start":{"line":85,"column":41},"end":{"line":85,"column":79}}]},"11":{"loc":{"start":{"line":90,"column":4},"end":{"line":99,"column":5}},"type":"switch","locations":[{"start":{"line":91,"column":6},"end":{"line":92,"column":null}},{"start":{"line":93,"column":6},"end":{"line":94,"column":null}},{"start":{"line":95,"column":6},"end":{"line":96,"column":null}},{"start":{"line":97,"column":6},"end":{"line":98,"column":null}}]},"12":{"loc":{"start":{"line":92,"column":15},"end":{"line":92,"column":74}},"type":"binary-expr","locations":[{"start":{"line":92,"column":15},"end":{"line":92,"column":39}},{"start":{"line":92,"column":43},"end":{"line":92,"column":74}}]},"13":{"loc":{"start":{"line":94,"column":15},"end":{"line":94,"column":89}},"type":"binary-expr","locations":[{"start":{"line":94,"column":15},"end":{"line":94,"column":40}},{"start":{"line":94,"column":44},"end":{"line":94,"column":89}}]},"14":{"loc":{"start":{"line":96,"column":15},"end":{"line":96,"column":89}},"type":"binary-expr","locations":[{"start":{"line":96,"column":15},"end":{"line":96,"column":40}},{"start":{"line":96,"column":44},"end":{"line":96,"column":89}}]},"15":{"loc":{"start":{"line":98,"column":15},"end":{"line":98,"column":75}},"type":"binary-expr","locations":[{"start":{"line":98,"column":15},"end":{"line":98,"column":35}},{"start":{"line":98,"column":39},"end":{"line":98,"column":75}}]},"16":{"loc":{"start":{"line":103,"column":4},"end":{"line":106,"column":5}},"type":"switch","locations":[{"start":{"line":104,"column":6},"end":{"line":104,"column":null}},{"start":{"line":105,"column":6},"end":{"line":105,"column":null}}]},"17":{"loc":{"start":{"line":110,"column":23},"end":{"line":110,"column":57}},"type":"binary-expr","locations":[{"start":{"line":110,"column":23},"end":{"line":110,"column":38}},{"start":{"line":110,"column":42},"end":{"line":110,"column":57}}]},"18":{"loc":{"start":{"line":111,"column":25},"end":{"line":111,"column":64}},"type":"binary-expr","locations":[{"start":{"line":111,"column":25},"end":{"line":111,"column":42}},{"start":{"line":111,"column":46},"end":{"line":111,"column":64}}]}},"s":{"0":1,"1":1,"2":8,"3":2,"4":6,"5":5,"6":1,"7":8,"8":4,"9":4,"10":3,"11":1,"12":3,"13":2,"14":1,"15":1,"16":7,"17":20,"18":1,"19":8,"20":8,"21":2,"22":1,"23":7,"24":10,"25":1,"26":5,"27":1,"28":3,"29":7,"30":21,"31":13,"32":8,"33":21,"34":21,"35":21,"36":7,"37":1},"f":{"0":8,"1":8,"2":3,"3":1,"4":7,"5":20,"6":10,"7":21,"8":21},"b":{"0":[2],"1":[5],"2":[4],"3":[3],"4":[2],"5":[3,1],"6":[1,8,8,2,1],"7":[8,8],"8":[8,8],"9":[2,1],"10":[1,1],"11":[1,5,1,3],"12":[1,1],"13":[5,3],"14":[1,1],"15":[3,2],"16":[13,8],"17":[21,2],"18":[21,10]}}
}
