TN:
SF:src\pages\EestiKeel\Estonian\CombinedNoun.ts
FN:3,CombinedNoun
FN:5,(anonymous_1)
FNF:2
FNH:2
FNDA:1,CombinedNoun
FNDA:3,(anonymous_1)
DA:3,1
DA:4,1
DA:5,3
LF:3
LH:3
BRF:0
BRH:0
end_of_record
TN:
SF:src\pages\EestiKeel\Estonian\Grammar.ts
FN:19,(anonymous_0)
FN:26,(anonymous_1)
FN:37,freeze
FN:39,(anonymous_3)
FNF:4
FNH:4
FNDA:15,(anonymous_0)
FNDA:2,(anonymous_1)
FNDA:1,freeze
FNDA:15,(anonymous_3)
DA:1,1
DA:19,15
DA:21,1
DA:26,2
DA:37,1
DA:38,1
DA:39,15
LF:7
LH:7
BRF:0
BRH:0
end_of_record
TN:
SF:src\pages\EestiKeel\Estonian\Noun.ts
FN:45,guessOmastav
FN:53,guessOsastav
FN:61,guessPluralOmastav
FN:67,guessPluralOsastav
FN:72,Noun
FN:74,(anonymous_11)
FN:89,(anonymous_12)
FN:102,(anonymous_13)
FN:109,decline
FNF:9
FNH:9
FNDA:8,guessOmastav
FNDA:8,guessOsastav
FNDA:3,guessPluralOmastav
FNDA:1,guessPluralOsastav
FNDA:7,Noun
FNDA:20,(anonymous_11)
FNDA:10,(anonymous_12)
FNDA:21,(anonymous_13)
FNDA:21,decline
DA:1,1
DA:27,1
DA:46,8
DA:47,2
DA:48,6
DA:49,5
DA:50,1
DA:54,8
DA:55,4
DA:56,4
DA:57,3
DA:58,1
DA:62,3
DA:63,2
DA:64,1
DA:68,1
DA:72,1
DA:74,7
DA:75,20
DA:77,1
DA:79,8
DA:81,8
DA:83,2
DA:85,1
DA:89,7
DA:90,10
DA:92,1
DA:94,5
DA:96,1
DA:98,3
DA:102,7
DA:103,21
DA:104,13
DA:105,8
DA:110,21
DA:111,21
DA:112,21
DA:115,7
LF:38
LH:38
BRDA:46,0,0,2
BRDA:48,1,0,5
BRDA:54,2,0,4
BRDA:56,3,0,3
BRDA:62,4,0,2
BRDA:62,5,0,3
BRDA:62,5,1,1
BRDA:75,6,0,1
BRDA:75,6,1,8
BRDA:75,6,2,8
BRDA:75,6,3,2
BRDA:75,6,4,1
BRDA:79,7,0,8
BRDA:79,7,1,8
BRDA:81,8,0,8
BRDA:81,8,1,8
BRDA:83,9,0,2
BRDA:83,9,1,1
BRDA:85,10,0,1
BRDA:85,10,1,1
BRDA:90,11,0,1
BRDA:90,11,1,5
BRDA:90,11,2,1
BRDA:90,11,3,3
BRDA:92,12,0,1
BRDA:92,12,1,1
BRDA:94,13,0,5
BRDA:94,13,1,3
BRDA:96,14,0,1
BRDA:96,14,1,1
BRDA:98,15,0,3
BRDA:98,15,1,2
BRDA:103,16,0,13
BRDA:103,16,1,8
BRDA:110,17,0,21
BRDA:110,17,1,2
BRDA:111,18,0,21
BRDA:111,18,1,10
BRF:38
BRH:38
end_of_record
